[debug] [2019-06-24T03:52:04.688Z] ----------------------------------------------------------------------
[debug] [2019-06-24T03:52:04.690Z] Command:       C:\Program Files\nodejs\node.exe C:\Users\Javier\AppData\Roaming\npm\node_modules\firebase-tools\lib\bin\firebase.js init
[debug] [2019-06-24T03:52:04.691Z] CLI Version:   7.0.1
[debug] [2019-06-24T03:52:04.691Z] Platform:      win32
[debug] [2019-06-24T03:52:04.691Z] Node Version:  v12.2.0
[debug] [2019-06-24T03:52:04.692Z] Time:          Sun Jun 23 2019 22:52:04 GMT-0500 (GMT-05:00)
[debug] [2019-06-24T03:52:04.692Z] ----------------------------------------------------------------------
[debug] 
[debug] [2019-06-24T03:52:04.701Z] > command requires scopes: ["email","openid","https://www.googleapis.com/auth/cloudplatformprojects.readonly","https://www.googleapis.com/auth/firebase","https://www.googleapis.com/auth/cloud-platform"]
[debug] [2019-06-24T03:52:04.702Z] > authorizing via signed-in user
[info] 
     ######## #### ########  ######## ########     ###     ######  ########
     ##        ##  ##     ## ##       ##     ##  ##   ##  ##       ##
     ######    ##  ########  ######   ########  #########  ######  ######
     ##        ##  ##    ##  ##       ##     ## ##     ##       ## ##
     ##       #### ##     ## ######## ########  ##     ##  ######  ########

You're about to initialize a Firebase project in this directory:

  D:\MyProjects\Vuetify\vuetify

[info] 
=== Project Setup
[info] 
[info] First, let's associate this project directory with a Firebase project.
[info] You can create multiple project aliases by running firebase use --add, 
[info] but for now we'll just set up a default project.
[info] 
[debug] [2019-06-24T03:52:09.095Z] > refreshing access token with scopes: ["email","https://www.googleapis.com/auth/cloud-platform","https://www.googleapis.com/auth/cloudplatformprojects.readonly","https://www.googleapis.com/auth/firebase","openid"]
[debug] [2019-06-24T03:52:09.095Z] >>> HTTP REQUEST POST https://www.googleapis.com/oauth2/v3/token  
 <request body omitted>
[debug] [2019-06-24T03:52:09.662Z] <<< HTTP RESPONSE 200
[debug] [2019-06-24T03:52:09.671Z] >>> HTTP REQUEST GET https://firebase.googleapis.com/v1beta1/projects?page_size=100  
 
[debug] [2019-06-24T03:52:10.484Z] <<< HTTP RESPONSE 200
[info] i  Using project busca-patas-javcho (Busca-Patas-JavCho)
[info] 
=== Hosting Setup
[info] 
[info] Your public directory is the folder (relative to your project directory) that
[info] will contain Hosting assets to be uploaded with firebase deploy. If you
[info] have a build process for your assets, use your build's output directory.
[info] 
